mode: atomic
github.com/shenxiang11/zippo/slice/filter.go:3.61,6.23 2 4
github.com/shenxiang11/zippo/slice/filter.go:6.23,8.8 2 14
github.com/shenxiang11/zippo/slice/filter.go:8.8,10.4 1 9
github.com/shenxiang11/zippo/slice/filter.go:13.2,13.15 1 4
github.com/shenxiang11/zippo/slice/push.go:3.38,5.2 1 3
github.com/shenxiang11/zippo/slice/reduce.go:3.82,5.23 2 3
github.com/shenxiang11/zippo/slice/reduce.go:5.23,7.3 1 14
github.com/shenxiang11/zippo/slice/reduce.go:8.2,8.14 1 3
github.com/shenxiang11/zippo/slice/removeat.go:3.44,4.34 1 9
github.com/shenxiang11/zippo/slice/removeat.go:4.34,6.3 1 1
github.com/shenxiang11/zippo/slice/removeat.go:8.2,12.34 3 8
github.com/shenxiang11/zippo/slice/removeat.go:12.34,16.3 3 1
github.com/shenxiang11/zippo/slice/removeat.go:18.2,18.15 1 7
github.com/shenxiang11/zippo/slice/reverse.go:3.28,5.27 2 4
github.com/shenxiang11/zippo/slice/reverse.go:5.27,7.3 1 4
github.com/shenxiang11/zippo/slice/some.go:3.64,4.23 1 3
github.com/shenxiang11/zippo/slice/some.go:4.23,6.10 2 5
github.com/shenxiang11/zippo/slice/some.go:6.10,8.4 1 2
github.com/shenxiang11/zippo/slice/some.go:11.2,11.14 1 1
github.com/shenxiang11/zippo/slice/toreversed.go:3.35,6.25 3 4
github.com/shenxiang11/zippo/slice/toreversed.go:6.25,8.3 1 10
github.com/shenxiang11/zippo/slice/toreversed.go:10.2,10.15 1 4
github.com/shenxiang11/zippo/slice/tosorted.go:5.64,9.46 3 3
github.com/shenxiang11/zippo/slice/tosorted.go:9.46,11.3 1 19
github.com/shenxiang11/zippo/slice/tosorted.go:13.2,13.20 1 3
github.com/shenxiang11/zippo/slice/unshift.go:3.41,8.2 4 3
